<?xml version="1.0" encoding="UTF-8"?>
<testsuite name="com.cinefest.AppTest" tests="1" skipped="0" failures="0" errors="0" timestamp="2017-10-28T15:29:14" hostname="flash" time="0.0">
  <properties/>
  <testcase name="testApp" classname="com.cinefest.AppTest" time="0.0"/>
  <system-out><![CDATA[]]></system-out>
  <system-err><![CDATA[]]></system-err>
</testsuite>
